<?xml version="1.0" encoding="UTF-8"?>
<!-- Generated by org.testng.reporters.JUnitReportReporter -->
<testsuite hostname="CTAADPG038QXK" failures="0" tests="1" name="TaskPackage.TestsS" time="0.005" errors="0" timestamp="2023-03-03T15:24:49 IST" skipped="0">
  <testcase classname="TaskPackage.TestsS" name="test" time="0.005"/>
  <system-out/>
</testsuite> <!-- TaskPackage.TestsS -->
